This file contains any messages produced by compilers while
running configure, to aid debugging if configure makes a mistake.

It was created by PSEAT configure 0.0, which was
generated by GNU Autoconf 2.61.  Invocation command line was

  $ ./configure 

## --------- ##
## Platform. ##
## --------- ##

hostname = shadowfax
uname -m = x86_64
uname -r = 3.16.0-36-generic
uname -s = Linux
uname -v = #48~14.04.1-Ubuntu SMP Wed Apr 15 13:11:28 UTC 2015

/usr/bin/uname -p = unknown
/bin/uname -X     = unknown

/bin/arch              = unknown
/usr/bin/arch -k       = unknown
/usr/convex/getsysinfo = unknown
/usr/bin/hostinfo      = unknown
/bin/machine           = unknown
/usr/bin/oslevel       = unknown
/bin/universe          = unknown

PATH: /usr/bin
PATH: /usr/local/sbin
PATH: /usr/local/bin
PATH: /usr/sbin
PATH: /usr/bin
PATH: /sbin
PATH: /bin
PATH: /usr/games
PATH: /usr/local/games
PATH: /usr/local/cuda-7.0/bin
PATH: /home/s_s447/thesis/updatedPseat/bin


## ----------- ##
## Core tests. ##
## ----------- ##

configure:1738: checking for gawk
configure:1768: result: no
configure:1738: checking for mawk
configure:1754: found /usr/bin/mawk
configure:1765: result: mawk
configure:1834: checking for g++
configure:1850: found /usr/bin/g++
configure:1861: result: g++
configure:1892: checking for C++ compiler version
configure:1899: g++ --version >&5
g++ (Ubuntu 4.8.4-2ubuntu1~14.04) 4.8.4
Copyright (C) 2013 Free Software Foundation, Inc.
This is free software; see the source for copying conditions.  There is NO
warranty; not even for MERCHANTABILITY or FITNESS FOR A PARTICULAR PURPOSE.

configure:1902: $? = 0
configure:1909: g++ -v >&5
Using built-in specs.
COLLECT_GCC=g++
COLLECT_LTO_WRAPPER=/usr/lib/gcc/x86_64-linux-gnu/4.8/lto-wrapper
Target: x86_64-linux-gnu
Configured with: ../src/configure -v --with-pkgversion='Ubuntu 4.8.4-2ubuntu1~14.04' --with-bugurl=file:///usr/share/doc/gcc-4.8/README.Bugs --enable-languages=c,c++,java,go,d,fortran,objc,obj-c++ --prefix=/usr --program-suffix=-4.8 --enable-shared --enable-linker-build-id --libexecdir=/usr/lib --without-included-gettext --enable-threads=posix --with-gxx-include-dir=/usr/include/c++/4.8 --libdir=/usr/lib --enable-nls --with-sysroot=/ --enable-clocale=gnu --enable-libstdcxx-debug --enable-libstdcxx-time=yes --enable-gnu-unique-object --disable-libmudflap --enable-plugin --with-system-zlib --disable-browser-plugin --enable-java-awt=gtk --enable-gtk-cairo --with-java-home=/usr/lib/jvm/java-1.5.0-gcj-4.8-amd64/jre --enable-java-home --with-jvm-root-dir=/usr/lib/jvm/java-1.5.0-gcj-4.8-amd64 --with-jvm-jar-dir=/usr/lib/jvm-exports/java-1.5.0-gcj-4.8-amd64 --with-arch-directory=amd64 --with-ecj-jar=/usr/share/java/eclipse-ecj.jar --enable-objc-gc --enable-multiarch --disable-werror --with-arch-32=i686 --with-abi=m64 --with-multilib-list=m32,m64,mx32 --with-tune=generic --enable-checking=release --build=x86_64-linux-gnu --host=x86_64-linux-gnu --target=x86_64-linux-gnu
Thread model: posix
gcc version 4.8.4 (Ubuntu 4.8.4-2ubuntu1~14.04) 
configure:1912: $? = 0
configure:1919: g++ -V >&5
g++: error: unrecognized command line option '-V'
g++: fatal error: no input files
compilation terminated.
configure:1922: $? = 4
configure:1945: checking for C++ compiler default output file name
configure:1972: g++    conftest.cpp  >&5
configure:1975: $? = 0
configure:2013: result: a.out
configure:2030: checking whether the C++ compiler works
configure:2040: ./a.out
configure:2043: $? = 0
configure:2060: result: yes
configure:2067: checking whether we are cross compiling
configure:2069: result: no
configure:2072: checking for suffix of executables
configure:2079: g++ -o conftest    conftest.cpp  >&5
configure:2082: $? = 0
configure:2106: result: 
configure:2112: checking for suffix of object files
configure:2138: g++ -c   conftest.cpp >&5
configure:2141: $? = 0
configure:2164: result: o
configure:2168: checking whether we are using the GNU C++ compiler
configure:2197: g++ -c   conftest.cpp >&5
configure:2203: $? = 0
configure:2220: result: yes
configure:2225: checking whether g++ accepts -g
configure:2255: g++ -c -g  conftest.cpp >&5
configure:2261: $? = 0
configure:2360: result: yes
configure:2431: checking for gcc
configure:2447: found /usr/bin/gcc
configure:2458: result: gcc
configure:2696: checking for C compiler version
configure:2703: gcc --version >&5
gcc (Ubuntu 4.8.4-2ubuntu1~14.04) 4.8.4
Copyright (C) 2013 Free Software Foundation, Inc.
This is free software; see the source for copying conditions.  There is NO
warranty; not even for MERCHANTABILITY or FITNESS FOR A PARTICULAR PURPOSE.

configure:2706: $? = 0
configure:2713: gcc -v >&5
Using built-in specs.
COLLECT_GCC=gcc
COLLECT_LTO_WRAPPER=/usr/lib/gcc/x86_64-linux-gnu/4.8/lto-wrapper
Target: x86_64-linux-gnu
Configured with: ../src/configure -v --with-pkgversion='Ubuntu 4.8.4-2ubuntu1~14.04' --with-bugurl=file:///usr/share/doc/gcc-4.8/README.Bugs --enable-languages=c,c++,java,go,d,fortran,objc,obj-c++ --prefix=/usr --program-suffix=-4.8 --enable-shared --enable-linker-build-id --libexecdir=/usr/lib --without-included-gettext --enable-threads=posix --with-gxx-include-dir=/usr/include/c++/4.8 --libdir=/usr/lib --enable-nls --with-sysroot=/ --enable-clocale=gnu --enable-libstdcxx-debug --enable-libstdcxx-time=yes --enable-gnu-unique-object --disable-libmudflap --enable-plugin --with-system-zlib --disable-browser-plugin --enable-java-awt=gtk --enable-gtk-cairo --with-java-home=/usr/lib/jvm/java-1.5.0-gcj-4.8-amd64/jre --enable-java-home --with-jvm-root-dir=/usr/lib/jvm/java-1.5.0-gcj-4.8-amd64 --with-jvm-jar-dir=/usr/lib/jvm-exports/java-1.5.0-gcj-4.8-amd64 --with-arch-directory=amd64 --with-ecj-jar=/usr/share/java/eclipse-ecj.jar --enable-objc-gc --enable-multiarch --disable-werror --with-arch-32=i686 --with-abi=m64 --with-multilib-list=m32,m64,mx32 --with-tune=generic --enable-checking=release --build=x86_64-linux-gnu --host=x86_64-linux-gnu --target=x86_64-linux-gnu
Thread model: posix
gcc version 4.8.4 (Ubuntu 4.8.4-2ubuntu1~14.04) 
configure:2716: $? = 0
configure:2723: gcc -V >&5
gcc: error: unrecognized command line option '-V'
gcc: fatal error: no input files
compilation terminated.
configure:2726: $? = 4
configure:2729: checking whether we are using the GNU C compiler
configure:2758: gcc -c   conftest.c >&5
configure:2764: $? = 0
configure:2781: result: yes
configure:2786: checking whether gcc accepts -g
configure:2816: gcc -c -g  conftest.c >&5
configure:2822: $? = 0
configure:2921: result: yes
configure:2938: checking for gcc option to accept ISO C89
configure:3012: gcc  -c -g -O2  conftest.c >&5
configure:3018: $? = 0
configure:3041: result: none needed
configure:3102: checking for ranlib
configure:3118: found /usr/bin/ranlib
configure:3129: result: ranlib
configure:3159: checking for rm
configure:3177: found /bin/rm
configure:3190: result: /bin/rm
configure:3200: checking for ln
configure:3218: found /bin/ln
configure:3231: result: /bin/ln
configure:3241: checking for cp
configure:3259: found /bin/cp
configure:3272: result: /bin/cp
configure:3282: checking for ar
configure:3300: found /usr/bin/ar
configure:3313: result: /usr/bin/ar
configure:3336: checking for dirent.h that defines DIR
configure:3365: gcc -c -g -O2  conftest.c >&5
configure:3371: $? = 0
configure:3387: result: yes
configure:3400: checking for library containing opendir
configure:3441: gcc -o conftest -g -O2   conftest.c  >&5
configure:3447: $? = 0
configure:3475: result: none required
configure:3574: checking how to run the C preprocessor
configure:3614: gcc -E  conftest.c
configure:3620: $? = 0
configure:3651: gcc -E  conftest.c
conftest.c:9:28: fatal error: ac_nonexistent.h: No such file or directory
 #include <ac_nonexistent.h>
                            ^
compilation terminated.
configure:3657: $? = 1
configure: failed program was:
| /* confdefs.h.  */
| #define PACKAGE_NAME "PSEAT"
| #define PACKAGE_TARNAME "pseat"
| #define PACKAGE_VERSION "0.0"
| #define PACKAGE_STRING "PSEAT 0.0"
| #define PACKAGE_BUGREPORT "apan@txstate.edu"
| #define HAVE_DIRENT_H 1
| /* end confdefs.h.  */
| #include <ac_nonexistent.h>
configure:3690: result: gcc -E
configure:3719: gcc -E  conftest.c
configure:3725: $? = 0
configure:3756: gcc -E  conftest.c
conftest.c:9:28: fatal error: ac_nonexistent.h: No such file or directory
 #include <ac_nonexistent.h>
                            ^
compilation terminated.
configure:3762: $? = 1
configure: failed program was:
| /* confdefs.h.  */
| #define PACKAGE_NAME "PSEAT"
| #define PACKAGE_TARNAME "pseat"
| #define PACKAGE_VERSION "0.0"
| #define PACKAGE_STRING "PSEAT 0.0"
| #define PACKAGE_BUGREPORT "apan@txstate.edu"
| #define HAVE_DIRENT_H 1
| /* end confdefs.h.  */
| #include <ac_nonexistent.h>
configure:3800: checking for grep that handles long lines and -e
configure:3874: result: /bin/grep
configure:3879: checking for egrep
configure:3957: result: /bin/grep -E
configure:3962: checking for ANSI C header files
configure:3992: gcc -c -g -O2  conftest.c >&5
configure:3998: $? = 0
configure:4097: gcc -o conftest -g -O2   conftest.c  >&5
configure:4100: $? = 0
configure:4106: ./conftest
configure:4109: $? = 0
configure:4126: result: yes
configure:4136: checking for sys/wait.h that is POSIX.1 compatible
configure:4172: gcc -c -g -O2  conftest.c >&5
configure:4178: $? = 0
configure:4193: result: yes
configure:4217: checking for sys/types.h
configure:4238: gcc -c -g -O2  conftest.c >&5
configure:4244: $? = 0
configure:4260: result: yes
configure:4217: checking for sys/stat.h
configure:4238: gcc -c -g -O2  conftest.c >&5
configure:4244: $? = 0
configure:4260: result: yes
configure:4217: checking for stdlib.h
configure:4238: gcc -c -g -O2  conftest.c >&5
configure:4244: $? = 0
configure:4260: result: yes
configure:4217: checking for string.h
configure:4238: gcc -c -g -O2  conftest.c >&5
configure:4244: $? = 0
configure:4260: result: yes
configure:4217: checking for memory.h
configure:4238: gcc -c -g -O2  conftest.c >&5
configure:4244: $? = 0
configure:4260: result: yes
configure:4217: checking for strings.h
configure:4238: gcc -c -g -O2  conftest.c >&5
configure:4244: $? = 0
configure:4260: result: yes
configure:4217: checking for inttypes.h
configure:4238: gcc -c -g -O2  conftest.c >&5
configure:4244: $? = 0
configure:4260: result: yes
configure:4217: checking for stdint.h
configure:4238: gcc -c -g -O2  conftest.c >&5
configure:4244: $? = 0
configure:4260: result: yes
configure:4217: checking for unistd.h
configure:4238: gcc -c -g -O2  conftest.c >&5
configure:4244: $? = 0
configure:4260: result: yes
configure:4281: checking for stdlib.h
configure:4287: result: yes
configure:4291: checking sys/time.h usability
configure:4308: gcc -c -g -O2  conftest.c >&5
configure:4314: $? = 0
configure:4328: result: yes
configure:4332: checking sys/time.h presence
configure:4347: gcc -E  conftest.c
configure:4353: $? = 0
configure:4367: result: yes
configure:4400: checking for sys/time.h
configure:4408: result: yes
configure:4281: checking for unistd.h
configure:4287: result: yes
configure:4291: checking getopt.h usability
configure:4308: gcc -c -g -O2  conftest.c >&5
configure:4314: $? = 0
configure:4328: result: yes
configure:4332: checking getopt.h presence
configure:4347: gcc -E  conftest.c
configure:4353: $? = 0
configure:4367: result: yes
configure:4400: checking for getopt.h
configure:4408: result: yes
configure:4291: checking dirent.h usability
configure:4308: gcc -c -g -O2  conftest.c >&5
configure:4314: $? = 0
configure:4328: result: yes
configure:4332: checking dirent.h presence
configure:4347: gcc -E  conftest.c
configure:4353: $? = 0
configure:4367: result: yes
configure:4400: checking for dirent.h
configure:4408: result: yes
configure:4423: checking for stdbool.h that conforms to C99
configure:4516: gcc -c -g -O2  conftest.c >&5
configure:4522: $? = 0
configure:4537: result: yes
configure:4539: checking for _Bool
configure:4569: gcc -c -g -O2  conftest.c >&5
configure:4575: $? = 0
configure:4590: result: yes
configure:4609: checking for an ANSI C-conforming const
configure:4684: gcc -c -g -O2  conftest.c >&5
configure:4690: $? = 0
configure:4705: result: yes
configure:4717: checking whether closedir returns void
configure:4751: gcc -o conftest -g -O2   conftest.c  >&5
configure:4754: $? = 0
configure:4760: ./conftest
configure:4763: $? = 0
configure:4779: result: no
configure:4789: checking for pid_t
configure:4819: gcc -c -g -O2  conftest.c >&5
configure:4825: $? = 0
configure:4840: result: yes
configure:4867: checking vfork.h usability
configure:4884: gcc -c -g -O2  conftest.c >&5
conftest.c:60:19: fatal error: vfork.h: No such file or directory
 #include <vfork.h>
                   ^
compilation terminated.
configure:4890: $? = 1
configure: failed program was:
| /* confdefs.h.  */
| #define PACKAGE_NAME "PSEAT"
| #define PACKAGE_TARNAME "pseat"
| #define PACKAGE_VERSION "0.0"
| #define PACKAGE_STRING "PSEAT 0.0"
| #define PACKAGE_BUGREPORT "apan@txstate.edu"
| #define HAVE_DIRENT_H 1
| #define STDC_HEADERS 1
| #define HAVE_SYS_WAIT_H 1
| #define HAVE_SYS_TYPES_H 1
| #define HAVE_SYS_STAT_H 1
| #define HAVE_STDLIB_H 1
| #define HAVE_STRING_H 1
| #define HAVE_MEMORY_H 1
| #define HAVE_STRINGS_H 1
| #define HAVE_INTTYPES_H 1
| #define HAVE_STDINT_H 1
| #define HAVE_UNISTD_H 1
| #define HAVE_STDLIB_H 1
| #define HAVE_SYS_TIME_H 1
| #define HAVE_UNISTD_H 1
| #define HAVE_GETOPT_H 1
| #define HAVE_DIRENT_H 1
| #define HAVE__BOOL 1
| #define HAVE_STDBOOL_H 1
| /* end confdefs.h.  */
| #include <stdio.h>
| #ifdef HAVE_SYS_TYPES_H
| # include <sys/types.h>
| #endif
| #ifdef HAVE_SYS_STAT_H
| # include <sys/stat.h>
| #endif
| #ifdef STDC_HEADERS
| # include <stdlib.h>
| # include <stddef.h>
| #else
| # ifdef HAVE_STDLIB_H
| #  include <stdlib.h>
| # endif
| #endif
| #ifdef HAVE_STRING_H
| # if !defined STDC_HEADERS && defined HAVE_MEMORY_H
| #  include <memory.h>
| # endif
| # include <string.h>
| #endif
| #ifdef HAVE_STRINGS_H
| # include <strings.h>
| #endif
| #ifdef HAVE_INTTYPES_H
| # include <inttypes.h>
| #endif
| #ifdef HAVE_STDINT_H
| # include <stdint.h>
| #endif
| #ifdef HAVE_UNISTD_H
| # include <unistd.h>
| #endif
| #include <vfork.h>
configure:4904: result: no
configure:4908: checking vfork.h presence
configure:4923: gcc -E  conftest.c
conftest.c:27:19: fatal error: vfork.h: No such file or directory
 #include <vfork.h>
                   ^
compilation terminated.
configure:4929: $? = 1
configure: failed program was:
| /* confdefs.h.  */
| #define PACKAGE_NAME "PSEAT"
| #define PACKAGE_TARNAME "pseat"
| #define PACKAGE_VERSION "0.0"
| #define PACKAGE_STRING "PSEAT 0.0"
| #define PACKAGE_BUGREPORT "apan@txstate.edu"
| #define HAVE_DIRENT_H 1
| #define STDC_HEADERS 1
| #define HAVE_SYS_WAIT_H 1
| #define HAVE_SYS_TYPES_H 1
| #define HAVE_SYS_STAT_H 1
| #define HAVE_STDLIB_H 1
| #define HAVE_STRING_H 1
| #define HAVE_MEMORY_H 1
| #define HAVE_STRINGS_H 1
| #define HAVE_INTTYPES_H 1
| #define HAVE_STDINT_H 1
| #define HAVE_UNISTD_H 1
| #define HAVE_STDLIB_H 1
| #define HAVE_SYS_TIME_H 1
| #define HAVE_UNISTD_H 1
| #define HAVE_GETOPT_H 1
| #define HAVE_DIRENT_H 1
| #define HAVE__BOOL 1
| #define HAVE_STDBOOL_H 1
| /* end confdefs.h.  */
| #include <vfork.h>
configure:4943: result: no
configure:4976: checking for vfork.h
configure:4984: result: no
configure:5002: checking for fork
configure:5058: gcc -o conftest -g -O2   conftest.c  >&5
conftest.c:50:6: warning: conflicting types for built-in function 'fork' [enabled by default]
 char fork ();
      ^
configure:5064: $? = 0
configure:5082: result: yes
configure:5002: checking for vfork
configure:5058: gcc -o conftest -g -O2   conftest.c  >&5
configure:5064: $? = 0
configure:5082: result: yes
configure:5093: checking for working fork
configure:5125: gcc -o conftest -g -O2   conftest.c  >&5
configure:5128: $? = 0
configure:5134: ./conftest
configure:5137: $? = 0
configure:5153: result: yes
configure:5174: checking for working vfork
configure:5312: result: yes
configure:5348: checking for stdlib.h
configure:5354: result: yes
configure:5488: checking for GNU libc compatible malloc
configure:5522: gcc -o conftest -g -O2   conftest.c  >&5
configure:5525: $? = 0
configure:5531: ./conftest
configure:5534: $? = 0
configure:5550: result: yes
configure:5711: creating ./config.status

## ---------------------- ##
## Running config.status. ##
## ---------------------- ##

This file was extended by PSEAT config.status 0.0, which was
generated by GNU Autoconf 2.61.  Invocation command line was

  CONFIG_FILES    = 
  CONFIG_HEADERS  = 
  CONFIG_LINKS    = 
  CONFIG_COMMANDS = 
  $ ./config.status 

on shadowfax

config.status:585: creating Makefile
config.status:585: creating src/Makefile
config.status:585: creating src/Makeinclude.config

## ---------------- ##
## Cache variables. ##
## ---------------- ##

ac_cv_c_compiler_gnu=yes
ac_cv_c_const=yes
ac_cv_cxx_compiler_gnu=yes
ac_cv_env_CCC_set=
ac_cv_env_CCC_value=
ac_cv_env_CC_set=
ac_cv_env_CC_value=
ac_cv_env_CFLAGS_set=
ac_cv_env_CFLAGS_value=
ac_cv_env_CPPFLAGS_set=
ac_cv_env_CPPFLAGS_value=
ac_cv_env_CPP_set=
ac_cv_env_CPP_value=
ac_cv_env_CXXFLAGS_set=
ac_cv_env_CXXFLAGS_value=
ac_cv_env_CXX_set=
ac_cv_env_CXX_value=
ac_cv_env_LDFLAGS_set=
ac_cv_env_LDFLAGS_value=
ac_cv_env_LIBS_set=
ac_cv_env_LIBS_value=
ac_cv_env_build_alias_set=
ac_cv_env_build_alias_value=
ac_cv_env_host_alias_set=
ac_cv_env_host_alias_value=
ac_cv_env_target_alias_set=
ac_cv_env_target_alias_value=
ac_cv_func_closedir_void=no
ac_cv_func_fork=yes
ac_cv_func_fork_works=yes
ac_cv_func_malloc_0_nonnull=yes
ac_cv_func_vfork=yes
ac_cv_func_vfork_works=yes
ac_cv_header_dirent_dirent_h=yes
ac_cv_header_dirent_h=yes
ac_cv_header_getopt_h=yes
ac_cv_header_inttypes_h=yes
ac_cv_header_memory_h=yes
ac_cv_header_stdbool_h=yes
ac_cv_header_stdc=yes
ac_cv_header_stdint_h=yes
ac_cv_header_stdlib_h=yes
ac_cv_header_string_h=yes
ac_cv_header_strings_h=yes
ac_cv_header_sys_stat_h=yes
ac_cv_header_sys_time_h=yes
ac_cv_header_sys_types_h=yes
ac_cv_header_sys_wait_h=yes
ac_cv_header_unistd_h=yes
ac_cv_header_vfork_h=no
ac_cv_objext=o
ac_cv_path_AR=/usr/bin/ar
ac_cv_path_CP=/bin/cp
ac_cv_path_EGREP='/bin/grep -E'
ac_cv_path_GREP=/bin/grep
ac_cv_path_LN=/bin/ln
ac_cv_path_RM=/bin/rm
ac_cv_prog_AWK=mawk
ac_cv_prog_CPP='gcc -E'
ac_cv_prog_ac_ct_CC=gcc
ac_cv_prog_ac_ct_CXX=g++
ac_cv_prog_ac_ct_RANLIB=ranlib
ac_cv_prog_cc_c89=
ac_cv_prog_cc_g=yes
ac_cv_prog_cxx_g=yes
ac_cv_search_opendir='none required'
ac_cv_type__Bool=yes
ac_cv_type_pid_t=yes

## ----------------- ##
## Output variables. ##
## ----------------- ##

AR='/usr/bin/ar'
AWK='mawk'
CC='gcc'
CFLAGS='-g -O2'
CP='/bin/cp'
CPP='gcc -E'
CPPFLAGS=''
CXX='g++'
CXXFLAGS='-g -O2'
DEFS='-DPACKAGE_NAME=\"PSEAT\" -DPACKAGE_TARNAME=\"pseat\" -DPACKAGE_VERSION=\"0.0\" -DPACKAGE_STRING=\"PSEAT\ 0.0\" -DPACKAGE_BUGREPORT=\"apan@txstate.edu\" -DHAVE_DIRENT_H=1 -DSTDC_HEADERS=1 -DHAVE_SYS_WAIT_H=1 -DHAVE_SYS_TYPES_H=1 -DHAVE_SYS_STAT_H=1 -DHAVE_STDLIB_H=1 -DHAVE_STRING_H=1 -DHAVE_MEMORY_H=1 -DHAVE_STRINGS_H=1 -DHAVE_INTTYPES_H=1 -DHAVE_STDINT_H=1 -DHAVE_UNISTD_H=1 -DHAVE_STDLIB_H=1 -DHAVE_SYS_TIME_H=1 -DHAVE_UNISTD_H=1 -DHAVE_GETOPT_H=1 -DHAVE_DIRENT_H=1 -DHAVE__BOOL=1 -DHAVE_STDBOOL_H=1 -DHAVE_FORK=1 -DHAVE_VFORK=1 -DHAVE_WORKING_VFORK=1 -DHAVE_WORKING_FORK=1 -DHAVE_STDLIB_H=1 -DHAVE_MALLOC=1'
ECHO_C=''
ECHO_N='-n'
ECHO_T=''
EGREP='/bin/grep -E'
EXEEXT=''
GREP='/bin/grep'
LDFLAGS=''
LIBOBJS=''
LIBS=''
LN='/bin/ln'
LTLIBOBJS=''
OBJEXT='o'
PACKAGE_BUGREPORT='apan@txstate.edu'
PACKAGE_NAME='PSEAT'
PACKAGE_STRING='PSEAT 0.0'
PACKAGE_TARNAME='pseat'
PACKAGE_VERSION='0.0'
PATH_SEPARATOR=':'
RANLIB='ranlib'
RM='/bin/rm'
SHELL='/bin/bash'
ac_ct_CC='gcc'
ac_ct_CXX='g++'
bindir='${exec_prefix}/bin'
build_alias=''
datadir='${datarootdir}'
datarootdir='${prefix}/share'
docdir='${datarootdir}/doc/${PACKAGE_TARNAME}'
dvidir='${docdir}'
exec_prefix='${prefix}'
host_alias=''
htmldir='${docdir}'
includedir='${prefix}/include'
infodir='${datarootdir}/info'
libdir='${exec_prefix}/lib'
libexecdir='${exec_prefix}/libexec'
localedir='${datarootdir}/locale'
localstatedir='${prefix}/var'
mandir='${datarootdir}/man'
oldincludedir='/usr/include'
pdfdir='${docdir}'
prefix='/usr/local'
program_transform_name='s,x,x,'
psdir='${docdir}'
sbindir='${exec_prefix}/sbin'
sharedstatedir='${prefix}/com'
sysconfdir='${prefix}/etc'
target_alias=''

## ----------- ##
## confdefs.h. ##
## ----------- ##

#define PACKAGE_NAME "PSEAT"
#define PACKAGE_TARNAME "pseat"
#define PACKAGE_VERSION "0.0"
#define PACKAGE_STRING "PSEAT 0.0"
#define PACKAGE_BUGREPORT "apan@txstate.edu"
#define HAVE_DIRENT_H 1
#define STDC_HEADERS 1
#define HAVE_SYS_WAIT_H 1
#define HAVE_SYS_TYPES_H 1
#define HAVE_SYS_STAT_H 1
#define HAVE_STDLIB_H 1
#define HAVE_STRING_H 1
#define HAVE_MEMORY_H 1
#define HAVE_STRINGS_H 1
#define HAVE_INTTYPES_H 1
#define HAVE_STDINT_H 1
#define HAVE_UNISTD_H 1
#define HAVE_STDLIB_H 1
#define HAVE_SYS_TIME_H 1
#define HAVE_UNISTD_H 1
#define HAVE_GETOPT_H 1
#define HAVE_DIRENT_H 1
#define HAVE__BOOL 1
#define HAVE_STDBOOL_H 1
#define HAVE_FORK 1
#define HAVE_VFORK 1
#define HAVE_WORKING_VFORK 1
#define HAVE_WORKING_FORK 1
#define HAVE_STDLIB_H 1
#define HAVE_MALLOC 1

configure: exit 0
